0 info it worked if it ends with ok
1 verbose cli [ '/usr/local/bin/node', '/usr/local/bin/npm', 'publish' ]
2 info using npm@2.14.7
3 info using node@v4.2.2
4 verbose publish [ '.' ]
5 silly cache add args [ '.', null ]
6 verbose cache add spec .
7 silly cache add parsed spec Result {
7 silly cache add   raw: '.',
7 silly cache add   scope: null,
7 silly cache add   name: null,
7 silly cache add   rawSpec: '.',
7 silly cache add   spec: '/work/wxapp/wxml-parser',
7 silly cache add   type: 'directory' }
8 verbose addLocalDirectory /home/sean/.npm/wxml-parser/0.0.1/package.tgz not in flight; packing
9 verbose tar pack [ '/home/sean/.npm/wxml-parser/0.0.1/package.tgz',
9 verbose tar pack   '/work/wxapp/wxml-parser' ]
10 verbose tarball /home/sean/.npm/wxml-parser/0.0.1/package.tgz
11 verbose folder /work/wxapp/wxml-parser
12 info prepublish wxml-parser@0.0.1
13 verbose addLocalTarball adding from inside cache /home/sean/.npm/wxml-parser/0.0.1/package.tgz
14 silly cache afterAdd wxml-parser@0.0.1
15 verbose afterAdd /home/sean/.npm/wxml-parser/0.0.1/package/package.json not in flight; writing
16 verbose afterAdd /home/sean/.npm/wxml-parser/0.0.1/package/package.json written
17 silly publish { name: 'wxml-parser',
17 silly publish   version: '0.0.1',
17 silly publish   description: 'wxapp WXML(HTML like layout file) parser',
17 silly publish   main: 'index.js',
17 silly publish   scripts: { test: 'node_modules/mocha-phantomjs/bin/mocha-phantomjs ./test/test.html' },
17 silly publish   keywords: [ 'wx', 'wx-app', 'wxml', 'virtual-dom' ],
17 silly publish   author: { name: 'Long Xiang', email: 'seanlong@outlook.com' },
17 silly publish   repository:
17 silly publish    { type: 'git',
17 silly publish      url: 'git+https://github.com/seanlong/wxml-parser.git' },
17 silly publish   license: 'MIT',
17 silly publish   devDependencies:
17 silly publish    { 'babel-preset-es2015': '^6.18.0',
17 silly publish      babelify: '^7.3.0',
17 silly publish      browserify: '^13.1.1',
17 silly publish      gulp: '^3.9.1',
17 silly publish      'gulp-load-plugins': '^1.3.0',
17 silly publish      'gulp-sourcemaps': '^2.2.0',
17 silly publish      'gulp-uglify': '^2.0.0',
17 silly publish      'gulp-util': '^3.0.7',
17 silly publish      'lodash.assign': '^4.2.0',
17 silly publish      mocha: '^3.1.2',
17 silly publish      'mocha-phantomjs': '^4.1.0',
17 silly publish      phantomjs: '^2.1.7',
17 silly publish      'vinyl-buffer': '^1.0.0',
17 silly publish      'vinyl-source-stream': '^1.1.0',
17 silly publish      watchify: '^3.7.0' },
17 silly publish   dependencies: {},
17 silly publish   readme: 'wxml-parser\n=======\n\n[![Build Status](https://travis-ci.org/seanlong/wxml-parser.svg?branch=master)](https://travis-ci.org/seanlong/wxml-parser)\n\n## What\n这是一个微信小程序[WXML](http://mp.weixin.qq.com/debug/wxadoc/dev/framework/view/wxml/)文件的JavaScript parser实现。输出微信官方提供的native可执行文件类似的数据结构。  \n该数据可以被后续微信小程序的Virtual DOM generator生成真实DOM。\n\n目前版本支持除了模板和模板引用外的基本语法。\n\n## Run\n```\nvar parser = require(\'wxml-parser);\nconsole.log(JSON.stringify(parser(\'<view> {{ message }} </view>\', {message: \'Hello MINA!\'}), null, 2));\n```\noutput:\n```\n{\n  "tag": "wx-body",\n  "attr": {},\n  "children": [{\n    "tag": "wx-view",\n    "attr": {},\n    "children": ["Hello MINA!"]\n  }]\n}\n```\n## License\n\n[MIT](LICENSE.txt)\n',
17 silly publish   readmeFilename: 'README.md',
17 silly publish   gitHead: '22bae4987d2c5f2c4513cfb24f1cfbdbd5bb4e85',
17 silly publish   bugs: { url: 'https://github.com/seanlong/wxml-parser/issues' },
17 silly publish   homepage: 'https://github.com/seanlong/wxml-parser#readme',
17 silly publish   _id: 'wxml-parser@0.0.1',
17 silly publish   _shasum: 'bda9534e9abd94d848f8530aa629d782c58f0cc4',
17 silly publish   _from: '.' }
18 verbose getPublishConfig undefined
19 silly mapToRegistry name wxml-parser
20 silly mapToRegistry using default registry
21 silly mapToRegistry registry http://registry.npmjs.org/
22 silly mapToRegistry uri http://registry.npmjs.org/wxml-parser
23 verbose publish registryBase http://registry.npmjs.org/
24 silly publish uploading /home/sean/.npm/wxml-parser/0.0.1/package.tgz
25 verbose request uri http://registry.npmjs.org/wxml-parser
26 verbose request sending authorization for write operation
27 info attempt registry request try #1 at 10:08:59
28 verbose request using bearer token for auth
29 verbose request id 98395aa30d826ff1
30 http request PUT http://registry.npmjs.org/wxml-parser
31 http 403 http://registry.npmjs.org/wxml-parser
32 verbose headers { 'content-type': 'application/json',
32 verbose headers   'cache-control': 'max-age=300',
32 verbose headers   'content-length': '95',
32 verbose headers   'accept-ranges': 'bytes',
32 verbose headers   date: 'Fri, 28 Oct 2016 02:08:54 GMT',
32 verbose headers   'x-served-by': 'cache-hkg6825-HKG',
32 verbose headers   'x-cache': 'MISS, MISS from TWFTP-1-WEB-QIYI.TW01PLAT.PPS.COM.CN',
32 verbose headers   'x-cache-hits': '0',
32 verbose headers   'x-timer': 'S1477620533.483249,VS0,VE701',
32 verbose headers   vary: 'Accept-Encoding',
32 verbose headers   via: '1.1 varnish, 1.1 TWFTP-1-WEB-QIYI.TW01PLAT.PPS.COM.CN (squid/3.5.1)',
32 verbose headers   connection: 'keep-alive' }
33 verbose request invalidating /home/sean/.npm/registry.npmjs.org/wxml-parser on PUT
34 error publish Failed PUT 403
35 verbose stack Error: "You cannot publish over the previously published version 0.0.1." : wxml-parser
35 verbose stack     at makeError (/usr/local/lib/node_modules/npm/node_modules/npm-registry-client/lib/request.js:264:12)
35 verbose stack     at CachingRegistryClient.<anonymous> (/usr/local/lib/node_modules/npm/node_modules/npm-registry-client/lib/request.js:252:14)
35 verbose stack     at Request._callback (/usr/local/lib/node_modules/npm/node_modules/npm-registry-client/lib/request.js:172:14)
35 verbose stack     at Request.self.callback (/usr/local/lib/node_modules/npm/node_modules/request/request.js:198:22)
35 verbose stack     at emitTwo (events.js:87:13)
35 verbose stack     at Request.emit (events.js:172:7)
35 verbose stack     at Request.<anonymous> (/usr/local/lib/node_modules/npm/node_modules/request/request.js:1063:14)
35 verbose stack     at emitOne (events.js:82:20)
35 verbose stack     at Request.emit (events.js:169:7)
35 verbose stack     at IncomingMessage.<anonymous> (/usr/local/lib/node_modules/npm/node_modules/request/request.js:1009:12)
36 verbose statusCode 403
37 verbose pkgid wxml-parser
38 verbose cwd /work/wxapp/wxml-parser
39 error Linux 4.4.0-42-generic
40 error argv "/usr/local/bin/node" "/usr/local/bin/npm" "publish"
41 error node v4.2.2
42 error npm  v2.14.7
43 error code E403
44 error "You cannot publish over the previously published version 0.0.1." : wxml-parser
45 error If you need help, you may report this error at:
45 error     <https://github.com/npm/npm/issues>
46 verbose exit [ 1, true ]
